This is pdfTeX, Version 3.14159265-2.6-1.40.20 (MiKTeX 2.9.7050 64-bit) (preloaded format=pdflatex 2019.6.17)  24 JUN 2019 20:47
entering extended mode
**./TFG.tex
(TFG.tex
LaTeX2e <2018-12-01>
("C:\Program Files\MiKTeX 2.9\tex/latex/base\book.cls"
Document Class: book 2018/09/03 v1.4i Standard LaTeX document class
("C:\Program Files\MiKTeX 2.9\tex/latex/base\bk10.clo"
File: bk10.clo 2018/09/03 v1.4i Standard LaTeX file (size option)
)
\c@part=\count80
\c@chapter=\count81
\c@section=\count82
\c@subsection=\count83
\c@subsubsection=\count84
\c@paragraph=\count85
\c@subparagraph=\count86
\c@figure=\count87
\c@table=\count88
\abovecaptionskip=\skip41
\belowcaptionskip=\skip42
\bibindent=\dimen102
)
("C:\Program Files\MiKTeX 2.9\tex/generic/babel\babel.sty"
Package: babel 2019/06/03 3.32 The Babel package

("C:\Program Files\MiKTeX 2.9\tex/generic/babel\switch.def"
File: switch.def 2019/06/03 3.32 Babel switching mechanism
)
*************************************
* Local config file bblopts.cfg used
*
("C:\Program Files\MiKTeX 2.9\tex/latex/arabi\bblopts.cfg"
File: bblopts.cfg 2005/09/08 v0.1 add Arabic and Farsi to "declared" options of
 babel
)
("C:\Program Files\MiKTeX 2.9\tex/latex/babel-spanish\spanish.ldf"
Language: spanish.ldf 2016/03/03 v5.0p Spanish support from the babel system

("C:\Program Files\MiKTeX 2.9\tex/generic/babel\babel.def"
File: babel.def 2019/06/03 3.32 Babel common definitions
\babel@savecnt=\count89
\U@D=\dimen103

("C:\Program Files\MiKTeX 2.9\tex/generic/babel\txtbabel.def")
\bbl@dirlevel=\count90
)
\es@quottoks=\toks14
\es@quotdepth=\count91
Package babel Info: Making " an active character on input line 561.
Package babel Info: Making . an active character on input line 662.
Package babel Info: Making < an active character on input line 707.
Package babel Info: Making > an active character on input line 707.
))
("C:\Program Files\MiKTeX 2.9\tex/latex/base\inputenc.sty"
Package: inputenc 2018/08/11 v1.3c Input encoding file
\inpenc@prehook=\toks15
\inpenc@posthook=\toks16
)
("C:\Program Files\MiKTeX 2.9\tex/latex/amsmath\amsmath.sty"
Package: amsmath 2018/12/01 v2.17b AMS math features
\@mathmargin=\skip43

For additional information on amsmath, use the `?' option.
("C:\Program Files\MiKTeX 2.9\tex/latex/amsmath\amstext.sty"
Package: amstext 2000/06/29 v2.01 AMS text

("C:\Program Files\MiKTeX 2.9\tex/latex/amsmath\amsgen.sty"
File: amsgen.sty 1999/11/30 v2.0 generic functions
\@emptytoks=\toks17
\ex@=\dimen104
))
("C:\Program Files\MiKTeX 2.9\tex/latex/amsmath\amsbsy.sty"
Package: amsbsy 1999/11/29 v1.2d Bold Symbols
\pmbraise@=\dimen105
)
("C:\Program Files\MiKTeX 2.9\tex/latex/amsmath\amsopn.sty"
Package: amsopn 2016/03/08 v2.02 operator names
)
\inf@bad=\count92
LaTeX Info: Redefining \frac on input line 223.
\uproot@=\count93
\leftroot@=\count94
LaTeX Info: Redefining \overline on input line 385.
\classnum@=\count95
\DOTSCASE@=\count96
LaTeX Info: Redefining \ldots on input line 482.
LaTeX Info: Redefining \dots on input line 485.
LaTeX Info: Redefining \cdots on input line 606.
\Mathstrutbox@=\box27
\strutbox@=\box28
\big@size=\dimen106
LaTeX Font Info:    Redeclaring font encoding OML on input line 729.
LaTeX Font Info:    Redeclaring font encoding OMS on input line 730.
\macc@depth=\count97
\c@MaxMatrixCols=\count98
\dotsspace@=\muskip10
\c@parentequation=\count99
\dspbrk@lvl=\count100
\tag@help=\toks18
\row@=\count101
\column@=\count102
\maxfields@=\count103
\andhelp@=\toks19
\eqnshift@=\dimen107
\alignsep@=\dimen108
\tagshift@=\dimen109
\tagwidth@=\dimen110
\totwidth@=\dimen111
\lineht@=\dimen112
\@envbody=\toks20
\multlinegap=\skip44
\multlinetaggap=\skip45
\mathdisplay@stack=\toks21
LaTeX Info: Redefining \[ on input line 2844.
LaTeX Info: Redefining \] on input line 2845.
)
("C:\Program Files\MiKTeX 2.9\tex/latex/amsfonts\amsfonts.sty"
Package: amsfonts 2013/01/14 v3.01 Basic AMSFonts support
\symAMSa=\mathgroup4
\symAMSb=\mathgroup5
LaTeX Font Info:    Overwriting math alphabet `\mathfrak' in version `bold'
(Font)                  U/euf/m/n --> U/euf/b/n on input line 106.
)
("C:\Program Files\MiKTeX 2.9\tex/latex/amsfonts\amssymb.sty"
Package: amssymb 2013/01/14 v3.01 AMS font symbols
)
("C:\Program Files\MiKTeX 2.9\tex/latex/graphics\graphicx.sty"
Package: graphicx 2017/06/01 v1.1a Enhanced LaTeX Graphics (DPC,SPQR)

("C:\Program Files\MiKTeX 2.9\tex/latex/graphics\keyval.sty"
Package: keyval 2014/10/28 v1.15 key=value parser (DPC)
\KV@toks@=\toks22
)
("C:\Program Files\MiKTeX 2.9\tex/latex/graphics\graphics.sty"
Package: graphics 2017/06/25 v1.2c Standard LaTeX Graphics (DPC,SPQR)

("C:\Program Files\MiKTeX 2.9\tex/latex/graphics\trig.sty"
Package: trig 2016/01/03 v1.10 sin cos tan (DPC)
)
("C:\Program Files\MiKTeX 2.9\tex/latex/graphics-cfg\graphics.cfg"
File: graphics.cfg 2016/06/04 v1.11 sample graphics configuration
)
Package graphics Info: Driver file: pdftex.def on input line 99.

("C:\Program Files\MiKTeX 2.9\tex/latex/graphics-def\pdftex.def"
File: pdftex.def 2018/01/08 v1.0l Graphics/color driver for pdftex
))
\Gin@req@height=\dimen113
\Gin@req@width=\dimen114
)
("C:\Program Files\MiKTeX 2.9\tex/latex/adjustbox\adjustbox.sty"
Package: adjustbox 2019/01/04 v1.2 Adjusting TeX boxes (trim, clip, ...)

("C:\Program Files\MiKTeX 2.9\tex/latex/xkeyval\xkeyval.sty"
Package: xkeyval 2014/12/03 v2.7a package option processing (HA)

("C:\Program Files\MiKTeX 2.9\tex/generic/xkeyval\xkeyval.tex"
("C:\Program Files\MiKTeX 2.9\tex/generic/xkeyval\xkvutils.tex"
\XKV@toks=\toks23
\XKV@tempa@toks=\toks24
)
\XKV@depth=\count104
File: xkeyval.tex 2014/12/03 v2.7a key=value parser (HA)
))
("C:\Program Files\MiKTeX 2.9\tex/latex/adjustbox\adjcalc.sty"
Package: adjcalc 2012/05/16 v1.1 Provides advanced setlength with multiple back
-ends (calc, etex, pgfmath)
)
("C:\Program Files\MiKTeX 2.9\tex/latex/adjustbox\trimclip.sty"
Package: trimclip 2018/04/08 v1.1 Trim and clip general TeX material

("C:\Program Files\MiKTeX 2.9\tex/latex/collectbox\collectbox.sty"
Package: collectbox 2012/05/17 v0.4b Collect macro arguments as boxes
\collectedbox=\box29
)
\tc@llx=\dimen115
\tc@lly=\dimen116
\tc@urx=\dimen117
\tc@ury=\dimen118
Package trimclip Info: Using driver 'tc-pdftex.def'.

("C:\Program Files\MiKTeX 2.9\tex/latex/adjustbox\tc-pdftex.def"
File: tc-pdftex.def 2019/01/04 v2.2 Clipping driver for pdftex
))
\adjbox@Width=\dimen119
\adjbox@Height=\dimen120
\adjbox@Depth=\dimen121
\adjbox@Totalheight=\dimen122
\adjbox@pwidth=\dimen123
\adjbox@pheight=\dimen124
\adjbox@pdepth=\dimen125
\adjbox@ptotalheight=\dimen126

("C:\Program Files\MiKTeX 2.9\tex/latex/ifoddpage\ifoddpage.sty"
Package: ifoddpage 2016/04/23 v1.1 Conditionals for odd/even page detection
\c@checkoddpage=\count105
)
("C:\Program Files\MiKTeX 2.9\tex/latex/varwidth\varwidth.sty"
Package: varwidth 2009/03/30 ver 0.92;  Variable-width minipages
\@vwid@box=\box30
\sift@deathcycles=\count106
\@vwid@loff=\dimen127
\@vwid@roff=\dimen128
))
("C:\Program Files\MiKTeX 2.9\tex/latex/caption\subcaption.sty"
Package: subcaption 2018/05/01 v1.1-162 Sub-captions (AR)

("C:\Program Files\MiKTeX 2.9\tex/latex/caption\caption.sty"
Package: caption 2018/10/06 v3.3-154 Customizing captions (AR)

("C:\Program Files\MiKTeX 2.9\tex/latex/caption\caption3.sty"
Package: caption3 2018/09/12 v1.8c caption3 kernel (AR)
Package caption3 Info: TeX engine: e-TeX on input line 64.
\captionmargin=\dimen129
\captionmargin@=\dimen130
\captionwidth=\dimen131
\caption@tempdima=\dimen132
\caption@indent=\dimen133
\caption@parindent=\dimen134
\caption@hangindent=\dimen135
)
\c@caption@flags=\count107
\c@ContinuedFloat=\count108
)
\c@subfigure=\count109
\c@subtable=\count110
)
("C:\Program Files\MiKTeX 2.9\tex/latex/listings\listings.sty"
\lst@mode=\count111
\lst@gtempboxa=\box31
\lst@token=\toks25
\lst@length=\count112
\lst@currlwidth=\dimen136
\lst@column=\count113
\lst@pos=\count114
\lst@lostspace=\dimen137
\lst@width=\dimen138
\lst@newlines=\count115
\lst@lineno=\count116
\lst@maxwidth=\dimen139

("C:\Program Files\MiKTeX 2.9\tex/latex/listings\lstmisc.sty"
File: lstmisc.sty 2019/02/27 1.8b (Carsten Heinz)
\c@lstnumber=\count117
\lst@skipnumbers=\count118
\lst@framebox=\box32
)
("C:\Program Files\MiKTeX 2.9\tex/latex/listings\listings.cfg"
File: listings.cfg 2019/02/27 1.8b listings configuration
))
Package: listings 2019/02/27 1.8b (Carsten Heinz)

("C:\Program Files\MiKTeX 2.9\tex/latex/appendix\appendix.sty"
Package: appendix 2009/09/02 v1.2b extra appendix facilities
\c@@pps=\count119
\c@@ppsavesec=\count120
\c@@ppsaveapp=\count121
)
("C:\Program Files\MiKTeX 2.9\tex/latex/float\float.sty"
Package: float 2001/11/08 v1.3d Float enhancements (AL)
\c@float@type=\count122
\float@exts=\toks26
\float@box=\box33
\@float@everytoks=\toks27
\@floatcapt=\box34
)
("C:\Program Files\MiKTeX 2.9\tex/latex/tools\array.sty"
Package: array 2018/12/30 v2.4k Tabular extension package (FMi)
\col@sep=\dimen140
\ar@mcellbox=\box35
\extrarowheight=\dimen141
\NC@list=\toks28
\extratabsurround=\skip46
\backup@length=\skip47
\ar@cellbox=\box36
)
("C:\Program Files\MiKTeX 2.9\tex/latex/geometry\geometry.sty"
Package: geometry 2018/04/16 v5.8 Page Geometry

("C:\Program Files\MiKTeX 2.9\tex/generic/oberdiek\ifpdf.sty"
Package: ifpdf 2018/09/07 v3.3 Provides the ifpdf switch
)
("C:\Program Files\MiKTeX 2.9\tex/generic/oberdiek\ifvtex.sty"
Package: ifvtex 2016/05/16 v1.6 Detect VTeX and its facilities (HO)
Package ifvtex Info: VTeX not detected.
)
("C:\Program Files\MiKTeX 2.9\tex/generic/ifxetex\ifxetex.sty"
Package: ifxetex 2010/09/12 v0.6 Provides ifxetex conditional
)
\Gm@cnth=\count123
\Gm@cntv=\count124
\c@Gm@tempcnt=\count125
\Gm@bindingoffset=\dimen142
\Gm@wd@mp=\dimen143
\Gm@odd@mp=\dimen144
\Gm@even@mp=\dimen145
\Gm@layoutwidth=\dimen146
\Gm@layoutheight=\dimen147
\Gm@layouthoffset=\dimen148
\Gm@layoutvoffset=\dimen149
\Gm@dimlist=\toks29

("C:\Program Files\MiKTeX 2.9\tex/latex/geometry\geometry.cfg"))
("C:\Program Files\MiKTeX 2.9\tex/latex/tools\multicol.sty"
Package: multicol 2018/12/27 v1.8v multicolumn formatting (FMi)
\c@tracingmulticols=\count126
\mult@box=\box37
\multicol@leftmargin=\dimen150
\c@unbalance=\count127
\c@collectmore=\count128
\doublecol@number=\count129
\multicoltolerance=\count130
\multicolpretolerance=\count131
\full@width=\dimen151
\page@free=\dimen152
\premulticols=\dimen153
\postmulticols=\dimen154
\multicolsep=\skip48
\multicolbaselineskip=\skip49
\partial@page=\box38
\last@line=\box39
\maxbalancingoverflow=\dimen155
\mult@rightbox=\box40
\mult@grightbox=\box41
\mult@gfirstbox=\box42
\mult@firstbox=\box43
\@tempa=\box44
\@tempa=\box45
\@tempa=\box46
\@tempa=\box47
\@tempa=\box48
\@tempa=\box49
\@tempa=\box50
\@tempa=\box51
\@tempa=\box52
\@tempa=\box53
\@tempa=\box54
\@tempa=\box55
\@tempa=\box56
\@tempa=\box57
\@tempa=\box58
\@tempa=\box59
\@tempa=\box60
\c@columnbadness=\count132
\c@finalcolumnbadness=\count133
\last@try=\dimen156
\multicolovershoot=\dimen157
\multicolundershoot=\dimen158
\mult@nat@firstbox=\box61
\colbreak@box=\box62
\mc@col@check@num=\count134
)
("C:\Program Files\MiKTeX 2.9\tex/latex/multirow\multirow.sty"
Package: multirow 2019/05/31 v2.5 Span multiple rows of a table
\multirow@colwidth=\skip50
\multirow@cntb=\count135
\multirow@dima=\skip51
\bigstrutjot=\dimen159
)
("C:\Program Files\MiKTeX 2.9\tex/latex/hyperref\hyperref.sty"
Package: hyperref 2018/11/30 v6.88e Hypertext links for LaTeX

("C:\Program Files\MiKTeX 2.9\tex/generic/oberdiek\hobsub-hyperref.sty"
Package: hobsub-hyperref 2016/05/16 v1.14 Bundle oberdiek, subset hyperref (HO)


("C:\Program Files\MiKTeX 2.9\tex/generic/oberdiek\hobsub-generic.sty"
Package: hobsub-generic 2016/05/16 v1.14 Bundle oberdiek, subset generic (HO)
Package: hobsub 2016/05/16 v1.14 Construct package bundles (HO)
Package: infwarerr 2016/05/16 v1.4 Providing info/warning/error messages (HO)
Package: ltxcmds 2016/05/16 v1.23 LaTeX kernel commands for general use (HO)
Package: ifluatex 2016/05/16 v1.4 Provides the ifluatex switch (HO)
Package ifluatex Info: LuaTeX not detected.
Package hobsub Info: Skipping package `ifvtex' (already loaded).
Package: intcalc 2016/05/16 v1.2 Expandable calculations with integers (HO)
Package hobsub Info: Skipping package `ifpdf' (already loaded).
Package: etexcmds 2016/05/16 v1.6 Avoid name clashes with e-TeX commands (HO)
Package: kvsetkeys 2016/05/16 v1.17 Key value parser (HO)
Package: kvdefinekeys 2016/05/16 v1.4 Define keys (HO)
Package: pdftexcmds 2018/09/10 v0.29 Utility functions of pdfTeX for LuaTeX (HO
)
Package pdftexcmds Info: LuaTeX not detected.
Package pdftexcmds Info: \pdf@primitive is available.
Package pdftexcmds Info: \pdf@ifprimitive is available.
Package pdftexcmds Info: \pdfdraftmode found.
Package: pdfescape 2016/05/16 v1.14 Implements pdfTeX's escape features (HO)
Package: bigintcalc 2016/05/16 v1.4 Expandable calculations on big integers (HO
)
Package: bitset 2016/05/16 v1.2 Handle bit-vector datatype (HO)
Package: uniquecounter 2016/05/16 v1.3 Provide unlimited unique counter (HO)
)
Package hobsub Info: Skipping package `hobsub' (already loaded).
Package: letltxmacro 2016/05/16 v1.5 Let assignment for LaTeX macros (HO)
Package: hopatch 2016/05/16 v1.3 Wrapper for package hooks (HO)
Package: xcolor-patch 2016/05/16 xcolor patch
Package: atveryend 2016/05/16 v1.9 Hooks at the very end of document (HO)
Package atveryend Info: \enddocument detected (standard20110627).
Package: atbegshi 2016/06/09 v1.18 At begin shipout hook (HO)
Package: refcount 2016/05/16 v3.5 Data extraction from label references (HO)
Package: hycolor 2016/05/16 v1.8 Color options for hyperref/bookmark (HO)
)
("C:\Program Files\MiKTeX 2.9\tex/latex/oberdiek\auxhook.sty"
Package: auxhook 2016/05/16 v1.4 Hooks for auxiliary files (HO)
)
("C:\Program Files\MiKTeX 2.9\tex/latex/oberdiek\kvoptions.sty"
Package: kvoptions 2016/05/16 v3.12 Key value format for package options (HO)
)
\@linkdim=\dimen160
\Hy@linkcounter=\count136
\Hy@pagecounter=\count137

("C:\Program Files\MiKTeX 2.9\tex/latex/hyperref\pd1enc.def"
File: pd1enc.def 2018/11/30 v6.88e Hyperref: PDFDocEncoding definition (HO)
Now handling font encoding PD1 ...
... no UTF-8 mapping file for font encoding PD1
)
\Hy@SavedSpaceFactor=\count138

("C:\Program Files\MiKTeX 2.9\tex/latex/00miktex\hyperref.cfg"
File: hyperref.cfg 2002/06/06 v1.2 hyperref configuration of TeXLive
)
Package hyperref Info: Hyper figures OFF on input line 4519.
Package hyperref Info: Link nesting OFF on input line 4524.
Package hyperref Info: Hyper index ON on input line 4527.
Package hyperref Info: Plain pages OFF on input line 4534.
Package hyperref Info: Backreferencing OFF on input line 4539.
Package hyperref Info: Implicit mode ON; LaTeX internals redefined.
Package hyperref Info: Bookmarks ON on input line 4772.
\c@Hy@tempcnt=\count139

("C:\Program Files\MiKTeX 2.9\tex/latex/url\url.sty"
\Urlmuskip=\muskip11
Package: url 2013/09/16  ver 3.4  Verb mode for urls, etc.
)
LaTeX Info: Redefining \url on input line 5125.
\XeTeXLinkMargin=\dimen161
\Fld@menulength=\count140
\Field@Width=\dimen162
\Fld@charsize=\dimen163
Package hyperref Info: Hyper figures OFF on input line 6380.
Package hyperref Info: Link nesting OFF on input line 6385.
Package hyperref Info: Hyper index ON on input line 6388.
Package hyperref Info: backreferencing OFF on input line 6395.
Package hyperref Info: Link coloring OFF on input line 6400.
Package hyperref Info: Link coloring with OCG OFF on input line 6405.
Package hyperref Info: PDF/A mode OFF on input line 6410.
LaTeX Info: Redefining \ref on input line 6450.
LaTeX Info: Redefining \pageref on input line 6454.
\Hy@abspage=\count141
\c@Item=\count142
\c@Hfootnote=\count143
)
Package hyperref Info: Driver (autodetected): hpdftex.

("C:\Program Files\MiKTeX 2.9\tex/latex/hyperref\hpdftex.def"
File: hpdftex.def 2018/11/30 v6.88e Hyperref driver for pdfTeX
\Fld@listcount=\count144
\c@bookmark@seq@number=\count145

("C:\Program Files\MiKTeX 2.9\tex/latex/oberdiek\rerunfilecheck.sty"
Package: rerunfilecheck 2016/05/16 v1.8 Rerun checks for auxiliary files (HO)
Package uniquecounter Info: New unique counter `rerunfilecheck' on input line 2
82.
)
\Hy@SectionHShift=\skip52
)
Package hyperref Info: Option `colorlinks' set `true' on input line 44.
 (TFG.aux (capitulos/portada.aux)
LaTeX Info: Redefining \. on input line 25.
LaTeX Info: Redefining \% on input line 25.
 (capitulos/firmas.aux) (capitulos/licencia.aux)
(capitulos/evaluacion.aux) (capitulos/agradecimientos.aux)
(capitulos/resumen.aux) (capitulos/introduccion.aux)
(capitulos/marcoteorico.aux) (capitulos/estadoarte.aux)
(capitulos/desarrollo.aux

LaTeX Warning: Label `fig:nodeexec' multiply defined.

) (capitulos/resultados.aux) (capitulos/gestion.aux) (capitulos/conclusion.aux)
(capitulos/apendice.aux))
\openout1 = `TFG.aux'.

LaTeX Font Info:    Checking defaults for OML/cmm/m/it on input line 58.
LaTeX Font Info:    ... okay on input line 58.
LaTeX Font Info:    Checking defaults for T1/cmr/m/n on input line 58.
LaTeX Font Info:    ... okay on input line 58.
LaTeX Font Info:    Checking defaults for OT1/cmr/m/n on input line 58.
LaTeX Font Info:    ... okay on input line 58.
LaTeX Font Info:    Checking defaults for OMS/cmsy/m/n on input line 58.
LaTeX Font Info:    ... okay on input line 58.
LaTeX Font Info:    Checking defaults for OMX/cmex/m/n on input line 58.
LaTeX Font Info:    ... okay on input line 58.
LaTeX Font Info:    Checking defaults for U/cmr/m/n on input line 58.
LaTeX Font Info:    ... okay on input line 58.
LaTeX Font Info:    Checking defaults for PD1/pdf/m/n on input line 58.
LaTeX Font Info:    ... okay on input line 58.
LaTeX Info: Redefining \. on input line 58.
LaTeX Info: Redefining \% on input line 58.

("C:\Program Files\MiKTeX 2.9\tex/context/base/mkii\supp-pdf.mkii"
[Loading MPS to PDF converter (version 2006.09.02).]
\scratchcounter=\count146
\scratchdimen=\dimen164
\scratchbox=\box63
\nofMPsegments=\count147
\nofMParguments=\count148
\everyMPshowfont=\toks30
\MPscratchCnt=\count149
\MPscratchDim=\dimen165
\MPnumerator=\count150
\makeMPintoPDFobject=\count151
\everyMPtoPDFconversion=\toks31
) ("C:\Program Files\MiKTeX 2.9\tex/latex/oberdiek\epstopdf-base.sty"
Package: epstopdf-base 2016/05/15 v2.6 Base part for package epstopdf

("C:\Program Files\MiKTeX 2.9\tex/latex/oberdiek\grfext.sty"
Package: grfext 2016/05/16 v1.2 Manage graphics extensions (HO)
)
Package epstopdf-base Info: Redefining graphics rule for `.eps' on input line 4
38.
Package grfext Info: Graphics extension search list:
(grfext)             [.pdf,.png,.jpg,.mps,.jpeg,.jbig2,.jb2,.PDF,.PNG,.JPG,.JPE
G,.JBIG2,.JB2,.eps]
(grfext)             \AppendGraphicsExtensions on input line 456.
)
Package caption Info: Begin \AtBeginDocument code.
Package caption Info: float package is loaded.
Package caption Info: hyperref package is loaded.
Package caption Info: listings package is loaded.
Package caption Info: End \AtBeginDocument code.
\c@lstlisting=\count152

*geometry* driver: auto-detecting
*geometry* detected driver: pdftex
*geometry* verbose mode - [ preamble ] result:
* driver: pdftex
* paper: a4paper
* layout: <same size as paper>
* layoutoffset:(h,v)=(0.0pt,0.0pt)
* modes: twoside 
* h-part:(L,W,R)=(85.35826pt, 426.79135pt, 85.35826pt)
* v-part:(T,H,B)=(85.35826pt, 674.33032pt, 85.35826pt)
* \paperwidth=597.50787pt
* \paperheight=845.04684pt
* \textwidth=426.79135pt
* \textheight=674.33032pt
* \oddsidemargin=13.08827pt
* \evensidemargin=13.08827pt
* \topmargin=-16.97922pt
* \headheight=12.0pt
* \headsep=18.06749pt
* \topskip=10.0pt
* \footskip=25.29494pt
* \marginparwidth=115.0pt
* \marginparsep=7.0pt
* \columnsep=10.0pt
* \skip\footins=9.0pt plus 4.0pt minus 2.0pt
* \hoffset=0.0pt
* \voffset=0.0pt
* \mag=1000
* \@twocolumnfalse
* \@twosidetrue
* \@mparswitchtrue
* \@reversemarginfalse
* (1in=72.27pt=25.4mm, 1cm=28.453pt)

\AtBeginShipoutBox=\box64
("C:\Program Files\MiKTeX 2.9\tex/latex/graphics\color.sty"
Package: color 2016/07/10 v1.1e Standard LaTeX Color (DPC)

("C:\Program Files\MiKTeX 2.9\tex/latex/graphics-cfg\color.cfg"
File: color.cfg 2016/01/02 v1.6 sample color configuration
)
Package color Info: Driver file: pdftex.def on input line 147.
)
Package hyperref Info: Link coloring ON on input line 58.

("C:\Program Files\MiKTeX 2.9\tex/latex/hyperref\nameref.sty"
Package: nameref 2016/05/21 v2.44 Cross-referencing by name of section

("C:\Program Files\MiKTeX 2.9\tex/generic/oberdiek\gettitlestring.sty"
Package: gettitlestring 2016/05/16 v1.5 Cleanup title references (HO)
)
\c@section@level=\count153
)
LaTeX Info: Redefining \ref on input line 58.
LaTeX Info: Redefining \pageref on input line 58.
LaTeX Info: Redefining \nameref on input line 58.

(TFG.out) (TFG.out)
\@outlinefile=\write3
\openout3 = `TFG.out'.

\openout2 = `capitulos/portada.aux'.

 (capitulos/portada.tex
<figuras/cabecera.png, id=295, 1130.2225pt x 357.335pt>
File: figuras/cabecera.png Graphic file (type png)
<use figuras/cabecera.png>
Package pdftex.def Info: figuras/cabecera.png  used on input line 6.
(pdftex.def)             Requested size: 426.79135pt x 134.93266pt.
 [1




{C:/Users/josel/AppData/Local/MiKTeX/2.9/pdftex/config/pdftex.map} <./figuras/c
abecera.png>] [2

])
\openout2 = `capitulos/firmas.aux'.


(capitulos/firmas.tex
File: figuras/cabecera.png Graphic file (type png)
<use figuras/cabecera.png>
Package pdftex.def Info: figuras/cabecera.png  used on input line 6.
(pdftex.def)             Requested size: 426.79135pt x 134.93266pt.
 [3


] [4

])
\openout2 = `capitulos/licencia.aux'.

 (capitulos/licencia.tex
LaTeX Font Info:    Try loading font information for OMS+cmr on input line 3.

("C:\Program Files\MiKTeX 2.9\tex/latex/base\omscmr.fd"
File: omscmr.fd 2014/09/29 v2.5h Standard LaTeX font definitions
)
LaTeX Font Info:    Font shape `OMS/cmr/m/n' in size <10> not available
(Font)              Font shape `OMS/cmsy/m/n' tried instead on input line 3.
) [5


]
\openout2 = `capitulos/evaluacion.aux'.


(capitulos/evaluacion.tex [6



]
Underfull \hbox (badness 10000) in paragraph at lines 22--23

 []

LaTeX Font Info:    Try loading font information for U+msa on input line 32.
("C:\Program Files\MiKTeX 2.9\tex/latex/amsfonts\umsa.fd"
File: umsa.fd 2013/01/14 v3.01 AMS symbols A
)
LaTeX Font Info:    Try loading font information for U+msb on input line 32.

("C:\Program Files\MiKTeX 2.9\tex/latex/amsfonts\umsb.fd"
File: umsb.fd 2013/01/14 v3.01 AMS symbols B
))
Overfull \hbox (17.61108pt too wide) in paragraph at lines 28--71
[]$[]$ $[]$ 
 []

[7]
\openout2 = `capitulos/agradecimientos.aux'.

 (capitulos/agradecimientos.tex [8



]) [9]
\openout2 = `capitulos/resumen.aux'.

 (capitulos/resumen.tex
LaTeX Info: Redefining \. on input line 2.
LaTeX Info: Redefining \% on input line 2.
 [10



])
[11]
LaTeX Info: Redefining \. on input line 84.
LaTeX Info: Redefining \% on input line 84.
 [12

] (TFG.toc
LaTeX Info: Redefining \. on input line 1.
LaTeX Info: Redefining \% on input line 1.


LaTeX Font Warning: Font shape `OT1/cmr/bx/sc' undefined
(Font)              using `OT1/cmr/bx/n' instead on input line 2.


Package spanish Warning: Replacing `OT1/cmr/bx/sc' by 
(spanish)                faked small caps on input line 2.


Package spanish Warning: Replacing `OT1/cmr/bx/sc' by 
(spanish)                faked small caps on input line 3.


Package spanish Warning: Replacing `OT1/cmr/bx/sc' by 
(spanish)                faked small caps on input line 5.

[13

])
\tf@toc=\write4
\openout4 = `TFG.toc'.

LaTeX Info: Redefining \. on input line 88.
LaTeX Info: Redefining \% on input line 88.
 [14] (TFG.lof
LaTeX Info: Redefining \. on input line 1.
LaTeX Info: Redefining \% on input line 1.
 [15

])
\tf@lof=\write5
\openout5 = `TFG.lof'.

LaTeX Info: Redefining \. on input line 91.
LaTeX Info: Redefining \% on input line 91.
 [16] (TFG.lot
LaTeX Info: Redefining \. on input line 1.
LaTeX Info: Redefining \% on input line 1.
)
\tf@lot=\write6
\openout6 = `TFG.lot'.

 [17

]
LaTeX Info: Redefining \. on input line 97.
LaTeX Info: Redefining \% on input line 97.
 [18

]
\openout2 = `capitulos/introduccion.aux'.

 (capitulos/introduccion.tex
Cap\'{\i }tulo 1.
<figuras/RHstruct.png, id=629, 521.53609pt x 437.34526pt>
File: figuras/RHstruct.png Graphic file (type png)
<use figuras/RHstruct.png>
Package pdftex.def Info: figuras/RHstruct.png  used on input line 15.
(pdftex.def)             Requested size: 234.73654pt x 196.84358pt.
[1


]
LaTeX Info: Redefining \. on input line 36.
LaTeX Info: Redefining \% on input line 36.
 [2 <./figuras/RHstruct.png>]
LaTeX Info: Redefining \. on input line 54.
LaTeX Info: Redefining \% on input line 54.
 [3]
<figuras/RPi3.png, id=644, 926.84412pt x 669.80135pt>
File: figuras/RPi3.png Graphic file (type png)
<use figuras/RPi3.png>
Package pdftex.def Info: figuras/RPi3.png  used on input line 70.
(pdftex.def)             Requested size: 192.0548pt x 138.7921pt.
<figuras/AUno.png, id=646, 520.94624pt x 364.36125pt>
File: figuras/AUno.png Graphic file (type png)
<use figuras/AUno.png>
Package pdftex.def Info: figuras/AUno.png  used on input line 79.
(pdftex.def)             Requested size: 192.0548pt x 134.32785pt.
LaTeX Info: Redefining \. on input line 85.
LaTeX Info: Redefining \% on input line 85.
 [4 <./figuras/RPi3.png (PNG copy)> <./figuras/AUno.png>]
<figuras/XBeeShield.png, id=653, 903.375pt x 903.375pt>
File: figuras/XBeeShield.png Graphic file (type png)
<use figuras/XBeeShield.png>
Package pdftex.def Info: figuras/XBeeShield.png  used on input line 88.
(pdftex.def)             Requested size: 192.0548pt x 192.0439pt.
<figuras/XBee.png, id=655, 803.0pt x 468.75125pt>
File: figuras/XBee.png Graphic file (type png)
<use figuras/XBee.png>
Package pdftex.def Info: figuras/XBee.png  used on input line 97.
(pdftex.def)             Requested size: 192.0548pt x 112.10919pt.
<figuras/AMega.png, id=657, 1228.59pt x 702.625pt>
File: figuras/AMega.png Graphic file (type png)
<use figuras/AMega.png>
Package pdftex.def Info: figuras/AMega.png  used on input line 106.
(pdftex.def)             Requested size: 192.0548pt x 109.82776pt.
LaTeX Info: Redefining \. on input line 116.
LaTeX Info: Redefining \% on input line 116.
 [5 <./figuras/XBeeShield.png> <./figuras/XBee.png> <./figuras/AMega.png>]
<figuras/NodeRED.png, id=669, 903.375pt x 481.8pt>
File: figuras/NodeRED.png Graphic file (type png)
<use figuras/NodeRED.png>
Package pdftex.def Info: figuras/NodeRED.png  used on input line 121.
(pdftex.def)             Requested size: 192.0548pt x 102.42342pt.
)
LaTeX Info: Redefining \. on input line 99.
LaTeX Info: Redefining \% on input line 99.
 [6 <./figuras/NodeRED.png>]
\openout2 = `capitulos/marcoteorico.aux'.

 (capitulos/marcoteorico.tex
Cap\'{\i }tulo 2.
<figuras/marcaespacio.png, id=677, 491.58656pt x 59.47218pt>
File: figuras/marcaespacio.png Graphic file (type png)
<use figuras/marcaespacio.png>
Package pdftex.def Info: figuras/marcaespacio.png  used on input line 17.
(pdftex.def)             Requested size: 320.0935pt x 38.72632pt.
[7



]
<figuras/SerialSincrono.png, id=686, 560.0925pt x 76.78688pt>
File: figuras/SerialSincrono.png Graphic file (type png)
<use figuras/SerialSincrono.png>
Package pdftex.def Info: figuras/SerialSincrono.png  used on input line 37.
(pdftex.def)             Requested size: 320.0935pt x 43.88496pt.
LaTeX Info: Redefining \. on input line 43.
LaTeX Info: Redefining \% on input line 43.
 [8 <./figuras/marcaespacio.png> <./figuras/SerialSincrono.png>]
<figuras/SerialAsincrono.png, id=695, 537.50812pt x 183.68625pt>
File: figuras/SerialAsincrono.png Graphic file (type png)
<use figuras/SerialAsincrono.png>
Package pdftex.def Info: figuras/SerialAsincrono.png  used on input line 49.
(pdftex.def)             Requested size: 320.0935pt x 109.38855pt.
LaTeX Info: Redefining \. on input line 61.
LaTeX Info: Redefining \% on input line 61.
 [9 <./figuras/SerialAsincrono.png>]
LaTeX Info: Redefining \. on input line 85.
LaTeX Info: Redefining \% on input line 85.
 [10]
<figuras/Radiotransmisor.png, id=708, 496.85625pt x 283.0575pt>
File: figuras/Radiotransmisor.png Graphic file (type png)
<use figuras/Radiotransmisor.png>
Package pdftex.def Info: figuras/Radiotransmisor.png  used on input line 103.
(pdftex.def)             Requested size: 277.41176pt x 158.04033pt.
LaTeX Info: Redefining \. on input line 109.
LaTeX Info: Redefining \% on input line 109.
 [11]
<figuras/Modulacion.png, id=714, 665.48625pt x 461.47406pt>
File: figuras/Modulacion.png Graphic file (type png)
<use figuras/Modulacion.png>
Package pdftex.def Info: figuras/Modulacion.png  used on input line 116.
(pdftex.def)             Requested size: 234.73654pt x 162.77171pt.
LaTeX Info: Redefining \. on input line 126.
LaTeX Info: Redefining \% on input line 126.
 [12 <./figuras/Radiotransmisor.png (PNG copy)>]
<figuras/ModulacionFase.png, id=728, 252.945pt x 399.79149pt>
File: figuras/ModulacionFase.png Graphic file (type png)
<use figuras/ModulacionFase.png>
Package pdftex.def Info: figuras/ModulacionFase.png  used on input line 133.
(pdftex.def)             Requested size: 234.73654pt x 371.0214pt.
LaTeX Info: Redefining \. on input line 153.
LaTeX Info: Redefining \% on input line 153.
 [13 <./figuras/Modulacion.png>]
<figuras/DSSS.png, id=736, 356.83313pt x 219.82124pt>
File: figuras/DSSS.png Graphic file (type png)
<use figuras/DSSS.png>
Package pdftex.def Info: figuras/DSSS.png  used on input line 158.
(pdftex.def)             Requested size: 234.73654pt x 144.60616pt.
LaTeX Info: Redefining \. on input line 167.
LaTeX Info: Redefining \% on input line 167.
 [14 <./figuras/ModulacionFase.png>]
<figuras/RadioSimplex1.png, id=745, 415.5525pt x 145.29282pt>
File: figuras/RadioSimplex1.png Graphic file (type png)
<use figuras/RadioSimplex1.png>
Package pdftex.def Info: figuras/RadioSimplex1.png  used on input line 170.
(pdftex.def)             Requested size: 234.73654pt x 82.07285pt.
<figuras/RadioSimplex2.png, id=747, 429.85594pt x 170.88844pt>
File: figuras/RadioSimplex2.png Graphic file (type png)
<use figuras/RadioSimplex2.png>
Package pdftex.def Info: figuras/RadioSimplex2.png  used on input line 179.
(pdftex.def)             Requested size: 234.73654pt x 93.3214pt.
<figuras/RadioSemiduplex.png, id=749, 495.35063pt x 140.02313pt>
File: figuras/RadioSemiduplex.png Graphic file (type png)
<use figuras/RadioSemiduplex.png>
Package pdftex.def Info: figuras/RadioSemiduplex.png  used on input line 188.
(pdftex.def)             Requested size: 234.73654pt x 66.35356pt.
LaTeX Info: Redefining \. on input line 194.
LaTeX Info: Redefining \% on input line 194.

[15 <./figuras/DSSS.png> <./figuras/RadioSimplex1.png> <./figuras/RadioSimplex2
.png> <./figuras/RadioSemiduplex.png>]
<figuras/RadioDuplex.png, id=759, 510.40688pt x 137.01187pt>
File: figuras/RadioDuplex.png Graphic file (type png)
<use figuras/RadioDuplex.png>
Package pdftex.def Info: figuras/RadioDuplex.png  used on input line 197.
(pdftex.def)             Requested size: 234.73654pt x 63.01367pt.
LaTeX Info: Redefining \. on input line 221.
LaTeX Info: Redefining \% on input line 221.
 [16 <./figuras/RadioDuplex.png>])
LaTeX Info: Redefining \. on input line 103.
LaTeX Info: Redefining \% on input line 103.

[17]
\openout2 = `capitulos/estadoarte.aux'.

 (capitulos/estadoarte.tex
LaTeX Info: Redefining \. on input line 1.
LaTeX Info: Redefining \% on input line 1.
 [18



]
Cap\'{\i }tulo 3.

Package hyperref Warning: Token not allowed in a PDF string (PDFDocEncoding):
(hyperref)                removing `\@ifnextchar' on input line 5.

<figuras/EArte1.png, id=777, 696.201pt x 426.99525pt>
File: figuras/EArte1.png Graphic file (type png)
<use figuras/EArte1.png>
Package pdftex.def Info: figuras/EArte1.png  used on input line 13.
(pdftex.def)             Requested size: 234.73654pt x 143.97112pt.
[19]

Package hyperref Warning: Token not allowed in a PDF string (PDFDocEncoding):
(hyperref)                removing `\@ifnextchar' on input line 28.

<figuras/EArte2.png, id=786, 420.97275pt x 331.83975pt>
File: figuras/EArte2.png Graphic file (type png)
<use figuras/EArte2.png>
Package pdftex.def Info: figuras/EArte2.png  used on input line 36.
(pdftex.def)             Requested size: 234.73654pt x 185.03403pt.
LaTeX Info: Redefining \. on input line 46.
LaTeX Info: Redefining \% on input line 46.
[20 <./figuras/EArte1.png>]

Package hyperref Warning: Token not allowed in a PDF string (PDFDocEncoding):
(hyperref)                removing `\@ifnextchar' on input line 47.

<figuras/EArte4.png, id=794, 419.166pt x 324.0105pt>
File: figuras/EArte4.png Graphic file (type png)
<use figuras/EArte4.png>
Package pdftex.def Info: figuras/EArte4.png  used on input line 57.
(pdftex.def)             Requested size: 234.73654pt x 181.44958pt.

Package hyperref Warning: Token not allowed in a PDF string (PDFDocEncoding):
(hyperref)                removing `\@ifnextchar' on input line 64.


Underfull \vbox (badness 10000) has occurred while \output is active []

LaTeX Info: Redefining \. on input line 67.
LaTeX Info: Redefining \% on input line 67.
 [21 <./figuras/EArte2.png>]
<figuras/EArte5.png, id=803, 395.67825pt x 203.5605pt>
File: figuras/EArte5.png Graphic file (type png)
<use figuras/EArte5.png>
Package pdftex.def Info: figuras/EArte5.png  used on input line 70.
(pdftex.def)             Requested size: 234.73654pt x 120.76125pt.


Package hyperref Warning: Token not allowed in a PDF string (PDFDocEncoding):
(hyperref)                removing `\@ifnextchar' on input line 79.


Underfull \vbox (badness 10000) has occurred while \output is active []

LaTeX Info: Redefining \. on input line 82.
LaTeX Info: Redefining \% on input line 82.
 [22 <./figuras/EArte4.png> <./figuras/EArte5.png>]
<figuras/EArte6.png, id=812, 444.91219pt x 397.485pt>
File: figuras/EArte6.png Graphic file (type png)
<use figuras/EArte6.png>
Package pdftex.def Info: figuras/EArte6.png  used on input line 85.
(pdftex.def)             Requested size: 234.73654pt x 209.71382pt.


Package hyperref Warning: Token not allowed in a PDF string (PDFDocEncoding):
(hyperref)                removing `\@ifnextchar' on input line 94.

<figuras/EArte7.png, id=817, 583.17876pt x 661.47125pt>
File: figuras/EArte7.png Graphic file (type png)
<use figuras/EArte7.png>
Package pdftex.def Info: figuras/EArte7.png  used on input line 102.
(pdftex.def)             Requested size: 320.0935pt x 363.0735pt.
LaTeX Info: Redefining \. on input line 105.
LaTeX Info: Redefining \% on input line 105.

Overfull \hbox (172.44032pt too wide) has occurred while \output is active
\OT1/cmr/m/sl/10 3.5.  CONTROLADOR CENTRAL PARA UN SISTEMA DOM[]OTICO UTILIZAND
O EL PROTOCOLO INAL[]AMBRICO ZIGBEE [[]] \OT1/cmr/m/n/10 23
 []

[23 <./figuras/EArte6.png>]

Package hyperref Warning: Token not allowed in a PDF string (PDFDocEncoding):
(hyperref)                removing `\@ifnextchar' on input line 109.


Underfull \vbox (badness 3098) has occurred while \output is active []

LaTeX Info: Redefining \. on input line 114.
LaTeX Info: Redefining \% on input line 114.
 [24 <./figuras/EArte7.png>]
<figuras/EArte8.png, id=832, 622.325pt x 622.325pt>
File: figuras/EArte8.png Graphic file (type png)
<use figuras/EArte8.png>
Package pdftex.def Info: figuras/EArte8.png  used on input line 117.
(pdftex.def)             Requested size: 234.73654pt x 234.73871pt.


Package hyperref Warning: Token not allowed in a PDF string (PDFDocEncoding):
(hyperref)                removing `\@ifnextchar' on input line 124.

<figuras/EArte3.png, id=837, 872.66025pt x 398.08725pt>
File: figuras/EArte3.png Graphic file (type png)
<use figuras/EArte3.png>
Package pdftex.def Info: figuras/EArte3.png  used on input line 130.
(pdftex.def)             Requested size: 234.73654pt x 107.078pt.
)
LaTeX Info: Redefining \. on input line 105.
LaTeX Info: Redefining \% on input line 105.
 [25 <./figuras/EArte8.png>]
LaTeX Info: Redefining \. on input line 105.
LaTeX Info: Redefining \% on input line 105.
 [26 <./figuras/EArte3.png>]
\openout2 = `capitulos/desarrollo.aux'.


(capitulos/desarrollo.tex
Cap\'{\i }tulo 4.
<figuras/DiaInteraccion.png, id=854, 1233.60875pt x 406.51875pt>
File: figuras/DiaInteraccion.png Graphic file (type png)
<use figuras/DiaInteraccion.png>
Package pdftex.def Info: figuras/DiaInteraccion.png  used on input line 16.
(pdftex.def)             Requested size: 426.79135pt x 140.6399pt.

Underfull \vbox (badness 10000) has occurred while \output is active []

 [27



 <./figuras/DiaInteraccion.png>]
<figuras/DiaCasos.png, id=862, 1254.6875pt x 689.57625pt>
File: figuras/DiaCasos.png Graphic file (type png)
<use figuras/DiaCasos.png>
Package pdftex.def Info: figuras/DiaCasos.png  used on input line 35.
(pdftex.def)             Requested size: 426.79135pt x 234.56856pt.
<figuras/DiaSecuencia.png, id=864, 955.57pt x 374.39874pt>
File: figuras/DiaSecuencia.png Graphic file (type png)
<use figuras/DiaSecuencia.png>
Package pdftex.def Info: figuras/DiaSecuencia.png  used on input line 44.
(pdftex.def)             Requested size: 426.79135pt x 167.21533pt.
LaTeX Info: Redefining \. on input line 55.
LaTeX Info: Redefining \% on input line 55.
 [28 <./figuras/DiaCasos.png>]
LaTeX Info: Redefining \. on input line 72.
LaTeX Info: Redefining \% on input line 72.
 [29 <./figuras/DiaSecuencia.png>]
<figuras/RPiLayout.png, id=878, 570.63188pt x 403.5075pt>
File: figuras/RPiLayout.png Graphic file (type png)
<use figuras/RPiLayout.png>
Package pdftex.def Info: figuras/RPiLayout.png  used on input line 85.
(pdftex.def)             Requested size: 320.0935pt x 226.34439pt.
<figuras/Raspbian.png, id=880, 963.6pt x 542.025pt>
File: figuras/Raspbian.png Graphic file (type png)
<use figuras/Raspbian.png>
Package pdftex.def Info: figuras/Raspbian.png  used on input line 100.
(pdftex.def)             Requested size: 298.75264pt x 168.04254pt.
LaTeX Info: Redefining \. on input line 103.
LaTeX Info: Redefining \% on input line 103.
 [30 <./figuras/RPiLayout.png>]
("C:\Program Files\MiKTeX 2.9\tex/latex/listings\lstlang1.sty"
File: lstlang1.sty 2019/02/27 1.8b listings language file
)
("C:\Program Files\MiKTeX 2.9\tex/latex/listings\lstlang1.sty"
File: lstlang1.sty 2019/02/27 1.8b listings language file
)
<figuras/Putty.png, id=890, 341.77687pt x 331.99031pt>
File: figuras/Putty.png Graphic file (type png)
<use figuras/Putty.png>
Package pdftex.def Info: figuras/Putty.png  used on input line 125.
(pdftex.def)             Requested size: 213.39568pt x 207.29079pt.
LaTeX Info: Redefining \. on input line 129.
LaTeX Info: Redefining \% on input line 129.
 [31 <./figuras/Raspbian.png>]
<figuras/mqtt.png, id=901, 933.4875pt x 498.86375pt>
File: figuras/mqtt.png Graphic file (type png)
<use figuras/mqtt.png>
Package pdftex.def Info: figuras/mqtt.png  used on input line 156.
(pdftex.def)             Requested size: 320.0935pt x 171.05771pt.
LaTeX Info: Redefining \. on input line 162.
LaTeX Info: Redefining \% on input line 162.
 [32 <./figuras/Putty.png>]
LaTeX Info: Redefining \. on input line 180.
LaTeX Info: Redefining \% on input line 180.
 [33 <./figuras/mqtt.png>]
<figuras/InterfazNodeRed.png, id=921, 1445.4pt x 704.6325pt>
File: figuras/InterfazNodeRed.png Graphic file (type png)
<use figuras/InterfazNodeRed.png>
Package pdftex.def Info: figuras/InterfazNodeRed.png  used on input line 193.
(pdftex.def)             Requested size: 298.75264pt x 145.64404pt.
<figuras/debugNode.png, id=923, 141.52875pt x 33.12375pt>
File: figuras/debugNode.png Graphic file (type png)
<use figuras/debugNode.png>
Package pdftex.def Info: figuras/debugNode.png  used on input line 206.
(pdftex.def)             Requested size: 128.0387pt x 29.96878pt.
<figuras/debugNodeProp.png, id=924, 423.83344pt x 285.31593pt>
File: figuras/debugNodeProp.png Graphic file (type png)
<use figuras/debugNodeProp.png>
Package pdftex.def Info: figuras/debugNodeProp.png  used on input line 211.
(pdftex.def)             Requested size: 213.39568pt x 143.65457pt.
LaTeX Info: Redefining \. on input line 216.
LaTeX Info: Redefining \% on input line 216.
 [34 <./figuras/InterfazNodeRed.png>]
<figuras/fcnNode.png, id=931, 153.57375pt x 45.16875pt>
File: figuras/fcnNode.png Graphic file (type png)
<use figuras/fcnNode.png>
Package pdftex.def Info: figuras/fcnNode.png  used on input line 223.
(pdftex.def)             Requested size: 213.39568pt x 62.7678pt.
<figuras/execNode.png, id=933, 113.67468pt x 47.42719pt>
File: figuras/execNode.png Graphic file (type png)
<use figuras/execNode.png>
Package pdftex.def Info: figuras/execNode.png  used on input line 235.
(pdftex.def)             Requested size: 128.0387pt x 53.42056pt.
<figuras/execNodeProp.png, id=934, 410.2828pt x 357.58594pt>
File: figuras/execNodeProp.png Graphic file (type png)
<use figuras/execNodeProp.png>
Package pdftex.def Info: figuras/execNodeProp.png  used on input line 240.
(pdftex.def)             Requested size: 213.39568pt x 185.98395pt.

Underfull \vbox (badness 10000) has occurred while \output is active []

LaTeX Info: Redefining \. on input line 245.
LaTeX Info: Redefining \% on input line 245.
 [35 <./figuras/debugNode.png> <./figuras/debugNodeProp.png> <./figuras/fcnNode
.png>]
<figuras/MQTTNode.png, id=944, 177.66376pt x 42.91031pt>
File: figuras/MQTTNode.png Graphic file (type png)
<use figuras/MQTTNode.png>
Package pdftex.def Info: figuras/MQTTNode.png  used on input line 253.
(pdftex.def)             Requested size: 128.0387pt x 30.92549pt.
<figuras/MQTTNodeProp.png, id=945, 375.65344pt x 236.38312pt>
File: figuras/MQTTNodeProp.png Graphic file (type png)
<use figuras/MQTTNodeProp.png>
Package pdftex.def Info: figuras/MQTTNodeProp.png  used on input line 258.
(pdftex.def)             Requested size: 213.39568pt x 134.2817pt.
<figuras/injectNode.png, id=946, 135.50626pt x 31.61812pt>
File: figuras/injectNode.png Graphic file (type png)
<use figuras/injectNode.png>
Package pdftex.def Info: figuras/injectNode.png  used on input line 277.
(pdftex.def)             Requested size: 128.0387pt x 29.87685pt.
<figuras/injectNodeProp.png, id=947, 373.395pt x 334.24875pt>
File: figuras/injectNodeProp.png Graphic file (type png)
<use figuras/injectNodeProp.png>
Package pdftex.def Info: figuras/injectNodeProp.png  used on input line 282.
(pdftex.def)             Requested size: 213.39568pt x 191.02357pt.
LaTeX Info: Redefining \. on input line 287.
LaTeX Info: Redefining \% on input line 287.

[36 <./figuras/execNode.png> <./figuras/execNodeProp.png> <./figuras/MQTTNode.p
ng> <./figuras/MQTTNodeProp.png>]
<figuras/delayNode.png, id=956, 100.87688pt x 33.12375pt>
File: figuras/delayNode.png Graphic file (type png)
<use figuras/delayNode.png>
Package pdftex.def Info: figuras/delayNode.png  used on input line 295.
(pdftex.def)             Requested size: 128.0387pt x 42.04292pt.
<figuras/delayNodeProp.png, id=957, 373.395pt x 243.15843pt>
File: figuras/delayNodeProp.png Graphic file (type png)
<use figuras/delayNodeProp.png>
Package pdftex.def Info: figuras/delayNodeProp.png  used on input line 300.
(pdftex.def)             Requested size: 213.39568pt x 138.96535pt.
<figuras/switchNode.png, id=958, 88.07906pt x 73.77562pt>
File: figuras/switchNode.png Graphic file (type png)
<use figuras/switchNode.png>
Package pdftex.def Info: figuras/switchNode.png  used on input line 313.
(pdftex.def)             Requested size: 128.0387pt x 107.24655pt.
<figuras/switchNodeProp.png, id=959, 387.69844pt x 593.21625pt>
File: figuras/switchNodeProp.png Graphic file (type png)
<use figuras/switchNodeProp.png>
Package pdftex.def Info: figuras/switchNodeProp.png  used on input line 318.
(pdftex.def)             Requested size: 213.39568pt x 326.52339pt.

Underfull \vbox (badness 10000) has occurred while \output is active []

LaTeX Info: Redefining \. on input line 323.
LaTeX Info: Redefining \% on input line 323.
 [37 <./figuras/injectNode.png> <./figuras/injectNodeProp.png> <./figuras/delay
Node.png> <./figuras/delayNodeProp.png>]
<figuras/templateNode.png, id=970, 105.39375pt x 30.86531pt>
File: figuras/templateNode.png Graphic file (type png)
<use figuras/templateNode.png>
Package pdftex.def Info: figuras/templateNode.png  used on input line 339.
(pdftex.def)             Requested size: 128.0387pt x 37.49782pt.
<figuras/switchinputNode.png, id=971, 180.675pt x 28.60687pt>
File: figuras/switchinputNode.png Graphic file (type png)
<use figuras/switchinputNode.png>
Package pdftex.def Info: figuras/switchinputNode.png  used on input line 344.
(pdftex.def)             Requested size: 170.71393pt x 27.0297pt.
<figuras/sliderNode.png, id=972, 91.84312pt x 31.61812pt>
File: figuras/sliderNode.png Graphic file (type png)
<use figuras/sliderNode.png>
Package pdftex.def Info: figuras/sliderNode.png  used on input line 348.
(pdftex.def)             Requested size: 128.0387pt x 44.08557pt.
<figuras/colourNode.png, id=973, 121.95563pt x 33.12375pt>
File: figuras/colourNode.png Graphic file (type png)
<use figuras/colourNode.png>
Package pdftex.def Info: figuras/colourNode.png  used on input line 353.
(pdftex.def)             Requested size: 128.0387pt x 34.7764pt.
LaTeX Info: Redefining \. on input line 361.
LaTeX Info: Redefining \% on input line 361.
 [38 <./figuras/switchNode.png> <./figuras/switchNodeProp.png> <./figuras/templ
ateNode.png> <./figuras/switchinputNode.png> <./figuras/sliderNode.png> <./figu
ras/colourNode.png>]
<figuras/textNode.png, id=985, 124.96687pt x 32.37094pt>
File: figuras/textNode.png Graphic file (type png)
<use figuras/textNode.png>
Package pdftex.def Info: figuras/textNode.png  used on input line 366.
(pdftex.def)             Requested size: 128.0387pt x 33.17004pt.
<figuras/gaugeNode.png, id=986, 141.52875pt x 31.61812pt>
File: figuras/gaugeNode.png Graphic file (type png)
<use figuras/gaugeNode.png>
Package pdftex.def Info: figuras/gaugeNode.png  used on input line 371.
(pdftex.def)             Requested size: 128.0387pt x 28.60655pt.
<figuras/chartNode.png, id=987, 130.23656pt x 33.12375pt>
File: figuras/chartNode.png Graphic file (type png)
<use figuras/chartNode.png>
Package pdftex.def Info: figuras/chartNode.png  used on input line 376.
(pdftex.def)             Requested size: 128.0387pt x 32.56516pt.
<figuras/infoRaspyDash.png, id=989, 539.76656pt x 585.68813pt>
File: figuras/infoRaspyDash.png Graphic file (type png)
<use figuras/infoRaspyDash.png>
Package pdftex.def Info: figuras/infoRaspyDash.png  used on input line 394.
(pdftex.def)             Requested size: 298.75264pt x 324.17601pt.
LaTeX Info: Redefining \. on input line 400.
LaTeX Info: Redefining \% on input line 400.
 [39 <./figuras/textNode.png> <./figuras/gaugeNode.png> <./figuras/chartNode.pn
g> <./figuras/infoRaspyDash.png>]
LaTeX Font Info:    Font shape `OMS/cmr/m/n' in size <8> not available
(Font)              Font shape `OMS/cmsy/m/n' tried instead on input line 406.
<figuras/infoRaspyFlow.png, id=1004, 690.32906pt x 303.38344pt>
File: figuras/infoRaspyFlow.png Graphic file (type png)
<use figuras/infoRaspyFlow.png>
Package pdftex.def Info: figuras/infoRaspyFlow.png  used on input line 413.
(pdftex.def)             Requested size: 384.1096pt x 168.81032pt.
<figuras/Dashboard.png, id=1010, 979.40906pt x 488.57532pt>
File: figuras/Dashboard.png Graphic file (type png)
<use figuras/Dashboard.png>
Package pdftex.def Info: figuras/Dashboard.png  used on input line 422.
(pdftex.def)             Requested size: 341.43437pt x 170.31805pt.
<figuras/camaFlow.png, id=1011, 934.99312pt x 493.845pt>
File: figuras/camaFlow.png Graphic file (type png)
<use figuras/camaFlow.png>
Package pdftex.def Info: figuras/camaFlow.png  used on input line 429.
(pdftex.def)             Requested size: 426.79135pt x 225.42322pt.

Underfull \vbox (badness 10000) has occurred while \output is active []

LaTeX Info: Redefining \. on input line 433.
LaTeX Info: Redefining \% on input line 433.
 [40 <./figuras/infoRaspyFlow.png> <./figuras/Dashboard.png>]
<figuras/persianasFlow.png, id=1025, 1034.36438pt x 322.95656pt>
File: figuras/persianasFlow.png Graphic file (type png)
<use figuras/persianasFlow.png>
Package pdftex.def Info: figuras/persianasFlow.png  used on input line 436.
(pdftex.def)             Requested size: 426.79135pt x 133.2557pt.
<figuras/zolertiaFlow.png, id=1026, 1020.06094pt x 325.96782pt>
File: figuras/zolertiaFlow.png Graphic file (type png)
<use figuras/zolertiaFlow.png>
Package pdftex.def Info: figuras/zolertiaFlow.png  used on input line 443.
(pdftex.def)             Requested size: 426.79135pt x 136.38329pt.

Underfull \vbox (badness 10000) has occurred while \output is active []

LaTeX Info: Redefining \. on input line 452.
LaTeX Info: Redefining \% on input line 452.
 [41 <./figuras/camaFlow.png> <./figuras/persianasFlow.png> <./figuras/zolertia
Flow.png>]
<figuras/ONOFFFlowRHA.png, id=1035, 729.47531pt x 184.43906pt>
File: figuras/ONOFFFlowRHA.png Graphic file (type png)
<use figuras/ONOFFFlowRHA.png>
Package pdftex.def Info: figuras/ONOFFFlowRHA.png  used on input line 456.
(pdftex.def)             Requested size: 384.1096pt x 97.1162pt.

("C:\Program Files\MiKTeX 2.9\tex/latex/listings\lstlang1.sty"
File: lstlang1.sty 2019/02/27 1.8b listings language file
)
<figuras/RecepcionFlowRHA.png, id=1038, 710.655pt x 216.81pt>
File: figuras/RecepcionFlowRHA.png Graphic file (type png)
<use figuras/RecepcionFlowRHA.png>
Package pdftex.def Info: figuras/RecepcionFlowRHA.png  used on input line 484.
(pdftex.def)             Requested size: 384.1096pt x 117.18813pt.
LaTeX Info: Redefining \. on input line 494.
LaTeX Info: Redefining \% on input line 494.
 [42 <./figuras/ONOFFFlowRHA.png> <./figuras/RecepcionFlowRHA.png>]
LaTeX Font Info:    Try loading font information for OML+cmr on input line 503.


("C:\Program Files\MiKTeX 2.9\tex/latex/base\omlcmr.fd"
File: omlcmr.fd 2014/09/29 v2.5h Standard LaTeX font definitions
)
LaTeX Font Info:    Font shape `OML/cmr/m/n' in size <8> not available
(Font)              Font shape `OML/cmm/m/it' tried instead on input line 503.


LaTeX Warning: Reference `comand:stopGettingDataRHA' on page 43 undefined on in
put line 514.

<figuras/configFlowRHA.png, id=1060, 1046.40938pt x 334.24875pt>
File: figuras/configFlowRHA.png Graphic file (type png)
<use figuras/configFlowRHA.png>
Package pdftex.def Info: figuras/configFlowRHA.png  used on input line 527.
(pdftex.def)             Requested size: 384.1096pt x 122.69086pt.
<figuras/emisionFlowRHA.png, id=1062, 676.02562pt x 168.63pt>
File: figuras/emisionFlowRHA.png Graphic file (type png)
<use figuras/emisionFlowRHA.png>
Package pdftex.def Info: figuras/emisionFlowRHA.png  used on input line 536.
(pdftex.def)             Requested size: 384.1096pt x 95.81647pt.

Underfull \vbox (badness 4303) has occurred while \output is active []

LaTeX Info: Redefining \. on input line 540.
LaTeX Info: Redefining \% on input line 540.
 [43 <./figuras/configFlowRHA.png>]
LaTeX Info: Redefining \. on input line 589.
LaTeX Info: Redefining \% on input line 589.
 [44 <./figuras/emisionFlowRHA.png>]
LaTeX Info: Redefining \. on input line 610.
LaTeX Info: Redefining \% on input line 610.
 [45]
Underfull \vbox (badness 10000) has occurred while \output is active []

LaTeX Info: Redefining \. on input line 661.
LaTeX Info: Redefining \% on input line 661.
 [46]
LaTeX Info: Redefining \. on input line 681.
LaTeX Info: Redefining \% on input line 681.

[47]
<figuras/XBeeLayout.png, id=1151, 310.15875pt x 236.38312pt>
File: figuras/XBeeLayout.png Graphic file (type png)
<use figuras/XBeeLayout.png>
Package pdftex.def Info: figuras/XBeeLayout.png  used on input line 684.
(pdftex.def)             Requested size: 213.39568pt x 162.63562pt.
<figuras/XBeePinout.png, id=1152, 750.55406pt x 522.45187pt>
File: figuras/XBeePinout.png Graphic file (type png)
<use figuras/XBeePinout.png>
Package pdftex.def Info: figuras/XBeePinout.png  used on input line 691.
(pdftex.def)             Requested size: 384.1096pt x 267.37964pt.
LaTeX Info: Redefining \. on input line 718.
LaTeX Info: Redefining \% on input line 718.
 [48 <./figuras/XBeeLayout.png>]
Overfull \hbox (2.55942pt too wide) in paragraph at lines 723--723
[]|\OT1/cmr/bx/n/10 Encabezado| 
 []


Underfull \hbox (badness 10000) in paragraph at lines 728--729
[]|\OT1/cmr/m/n/10 Byte de
 []


Overfull \hbox (25.0504pt too wide) in paragraph at lines 721--731
 [] 
 []

<figuras/txAPIFrames.png, id=1166, 932.73468pt x 182.18062pt>
File: figuras/txAPIFrames.png Graphic file (type png)
<use figuras/txAPIFrames.png>
Package pdftex.def Info: figuras/txAPIFrames.png  used on input line 740.
(pdftex.def)             Requested size: 384.1096pt x 75.02255pt.
<figuras/rxAPIFrames.png, id=1167, 873.2625pt x 339.51843pt>
File: figuras/rxAPIFrames.png Graphic file (type png)
<use figuras/rxAPIFrames.png>
Package pdftex.def Info: figuras/rxAPIFrames.png  used on input line 747.
(pdftex.def)             Requested size: 384.1096pt x 149.33676pt.

Underfull \vbox (badness 3460) has occurred while \output is active []

LaTeX Info: Redefining \. on input line 751.
LaTeX Info: Redefining \% on input line 751.
 [49 <./figuras/XBeePinout.png> <./figuras/txAPIFrames.png>]
<figuras/XbeeRed.png, id=1177, 365.365pt x 138.5175pt>
File: figuras/XbeeRed.png Graphic file (type png)
<use figuras/XbeeRed.png>
Package pdftex.def Info: figuras/XbeeRed.png  used on input line 773.
(pdftex.def)             Requested size: 384.1096pt x 145.63153pt.

Underfull \vbox (badness 10000) has occurred while \output is active []

LaTeX Info: Redefining \. on input line 777.
LaTeX Info: Redefining \% on input line 777.
 [50 <./figuras/rxAPIFrames.png>]
LaTeX Info: Redefining \. on input line 803.
LaTeX Info: Redefining \% on input line 803.
 [51 <./figuras/XbeeRed.png>]
<figuras/interfazXCTU.png, id=1194, 1445.4pt x 782.925pt>
File: figuras/interfazXCTU.png Graphic file (type png)
<use figuras/interfazXCTU.png>
Package pdftex.def Info: figuras/interfazXCTU.png  used on input line 806.
(pdftex.def)             Requested size: 384.1096pt x 208.05951pt.
<figuras/firmXCTU.png, id=1196, 403.5075pt x 356.0803pt>
File: figuras/firmXCTU.png Graphic file (type png)
<use figuras/firmXCTU.png>
Package pdftex.def Info: figuras/firmXCTU.png  used on input line 815.
(pdftex.def)             Requested size: 213.39568pt x 188.31416pt.
<figuras/XCTUPropCoord.png, id=1199, 624.08156pt x 1356.56813pt>
File: figuras/XCTUPropCoord.png Graphic file (type png)
<use figuras/XCTUPropCoord.png>
Package pdftex.def Info: figuras/XCTUPropCoord.png  used on input line 824.
(pdftex.def)             Requested size: 320.0935pt x 695.7942pt.

Underfull \vbox (badness 10000) has occurred while \output is active []

LaTeX Info: Redefining \. on input line 828.
LaTeX Info: Redefining \% on input line 828.
 [52 <./figuras/interfazXCTU.png> <./figuras/firmXCTU.png>]
Overfull \vbox (43.46388pt too high) has occurred while \output is active []

LaTeX Info: Redefining \. on input line 828.
LaTeX Info: Redefining \% on input line 828.

[53 <./figuras/XCTUPropCoord.png>]
<figuras/XCTUPropRou.png, id=1211, 624.08156pt x 1356.56813pt>
File: figuras/XCTUPropRou.png Graphic file (type png)
<use figuras/XCTUPropRou.png>
Package pdftex.def Info: figuras/XCTUPropRou.png  used on input line 831.
(pdftex.def)             Requested size: 320.0935pt x 695.7942pt.

Overfull \vbox (43.46388pt too high) has occurred while \output is active []

LaTeX Info: Redefining \. on input line 835.
LaTeX Info: Redefining \% on input line 835.

[54 <./figuras/XCTUPropRou.png>]
<figuras/XCTUConsola.png, id=1218, 1445.4pt x 625.58719pt>
File: figuras/XCTUConsola.png Graphic file (type png)
<use figuras/XCTUConsola.png>
Package pdftex.def Info: figuras/XCTUConsola.png  used on input line 850.
(pdftex.def)             Requested size: 469.47308pt x 203.18933pt.

Overfull \hbox (43.48172pt too wide) in paragraph at lines 850--851
 [][] 
 []

LaTeX Info: Redefining \. on input line 868.
LaTeX Info: Redefining \% on input line 868.
[55 <./figuras/XCTUConsola.png>]

LaTeX Warning: Reference `anexo:' on page 56 undefined on input line 877.

LaTeX Info: Redefining \. on input line 893.
LaTeX Info: Redefining \% on input line 893.
[56]
<figuras/RHA.png, id=1237, 4625.28pt x 3468.96pt>
File: figuras/RHA.png Graphic file (type png)
<use figuras/RHA.png>
Package pdftex.def Info: figuras/RHA.png  used on input line 906.
(pdftex.def)             Requested size: 341.43437pt x 256.03207pt.

Overfull \hbox (2.57063pt too wide) in paragraph at lines 923--923
[]|\OT1/cmr/bx/n/10 Longitud| 
 []


Underfull \hbox (badness 10000) in paragraph at lines 928--929
[]|\OT1/cmr/m/n/10 Byte de
 []


Underfull \vbox (badness 6316) has occurred while \output is active []

LaTeX Info: Redefining \. on input line 935.
LaTeX Info: Redefining \% on input line 935.
 [57]
LaTeX Info: Redefining \. on input line 1032.
LaTeX Info: Redefining \% on input line 1032.

[58 <./figuras/RHA.png>]
LaTeX Info: Redefining \. on input line 1049.
LaTeX Info: Redefining \% on input line 1049.
 [59]
LaTeX Info: Redefining \. on input line 1072.
LaTeX Info: Redefining \% on input line 1072.
 [60]
LaTeX Info: Redefining \. on input line 1094.
LaTeX Info: Redefining \% on input line 1094.
 [61]
<figuras/MQTTFlowR.png, id=1281, 716.6775pt x 359.84438pt>
File: figuras/MQTTFlowR.png Graphic file (type png)
<use figuras/MQTTFlowR.png>
Package pdftex.def Info: figuras/MQTTFlowR.png  used on input line 1097.
(pdftex.def)             Requested size: 384.1096pt x 192.8635pt.
File: figuras/MQTTFlowR.png Graphic file (type png)
<use figuras/MQTTFlowR.png>
Package pdftex.def Info: figuras/MQTTFlowR.png  used on input line 1106.
(pdftex.def)             Requested size: 384.1096pt x 192.8635pt.
LaTeX Info: Redefining \. on input line 1116.
LaTeX Info: Redefining \% on input line 1116.
 [62 <./figuras/MQTTFlowR.png>]
("C:\Program Files\MiKTeX 2.9\tex/latex/listings\lstlang1.sty"
File: lstlang1.sty 2019/02/27 1.8b listings language file
)
<figuras/RPiXBserial.png, id=1295, 578.16pt x 469.00218pt>
File: figuras/RPiXBserial.png Graphic file (type png)
<use figuras/RPiXBserial.png>
Package pdftex.def Info: figuras/RPiXBserial.png  used on input line 1139.
(pdftex.def)             Requested size: 213.39568pt x 173.10587pt.
LaTeX Info: Redefining \. on input line 1147.
LaTeX Info: Redefining \% on input line 1147.
 [63 <./figuras/RPiXBserial.png>]
<figuras/AMegaXBserial.png, id=1314, 592.46344pt x 546.54187pt>
File: figuras/AMegaXBserial.png Graphic file (type png)
<use figuras/AMegaXBserial.png>
Package pdftex.def Info: figuras/AMegaXBserial.png  used on input line 1150.
(pdftex.def)             Requested size: 213.39568pt x 196.855pt.
)
LaTeX Info: Redefining \. on input line 107.
LaTeX Info: Redefining \% on input line 107.
 [64 <./figuras/AMegaXBserial.png>]
\openout2 = `capitulos/resultados.aux'.

 (capitulos/resultados.tex
Cap\'{\i }tulo 5.
) [65



]
\openout2 = `capitulos/gestion.aux'.

 (capitulos/gestion.tex
LaTeX Info: Redefining \. on input line 1.
LaTeX Info: Redefining \% on input line 1.
 [66



]
Cap\'{\i }tulo 6.
) [67]
\openout2 = `capitulos/conclusion.aux'.

 (capitulos/conclusion.tex
LaTeX Info: Redefining \. on input line 1.
LaTeX Info: Redefining \% on input line 1.
 [68



]
Cap\'{\i }tulo 7.
) [69]
\openout2 = `capitulos/apendice.aux'.

 (capitulos/apendice.tex
LaTeX Info: Redefining \. on input line 1.
LaTeX Info: Redefining \% on input line 1.
 [70



]
Ap\'{e}ndice A.
<figuras/RaspbianDwIcon.png, id=1350, 369.63094pt x 158.84344pt>
File: figuras/RaspbianDwIcon.png Graphic file (type png)
<use figuras/RaspbianDwIcon.png>
Package pdftex.def Info: figuras/RaspbianDwIcon.png  used on input line 24.
(pdftex.def)             Requested size: 213.39568pt x 91.70267pt.
[71]
<figuras/RaspbianVersion.png, id=1360, 303.38344pt x 85.06781pt>
File: figuras/RaspbianVersion.png Graphic file (type png)
<use figuras/RaspbianVersion.png>
Package pdftex.def Info: figuras/RaspbianVersion.png  used on input line 48.
(pdftex.def)             Requested size: 213.39568pt x 59.83652pt.
LaTeX Info: Redefining \. on input line 80.
LaTeX Info: Redefining \% on input line 80.
 [72 <./figuras/RaspbianDwIcon.png> <./figuras/RaspbianVersion.png>]
LaTeX Info: Redefining \. on input line 109.
LaTeX Info: Redefining \% on input line 109.

[73]
LaTeX Info: Redefining \. on input line 109.
LaTeX Info: Redefining \% on input line 109.
 [74

]
Ap\'{e}ndice B.
[75]
LaTeX Info: Redefining \. on input line 223.
LaTeX Info: Redefining \% on input line 223.
 [76]
LaTeX Info: Redefining \. on input line 244.
LaTeX Info: Redefining \% on input line 244.
 [77]
LaTeX Info: Redefining \. on input line 244.
LaTeX Info: Redefining \% on input line 244.
 [78

]
Ap\'{e}ndice C.
<figuras/XbeeShSch.png, id=1525, 742.27313pt x 526.96875pt>
File: figuras/XbeeShSch.png Graphic file (type png)
<use figuras/XbeeShSch.png>
Package pdftex.def Info: figuras/XbeeShSch.png  used on input line 252.
(pdftex.def)             Requested size: 426.79135pt x 302.99663pt.
) [79 <./figuras/XbeeShSch.png>]
LaTeX Info: Redefining \. on input line 122.
LaTeX Info: Redefining \% on input line 122.
 [80


] (TFG.bbl
Underfull \hbox (badness 3758) in paragraph at lines 8--11
[]\OT1/cmr/m/n/12 Controlador cen-tral pa-ra un sis-te-ma domoti-co uti-li-zan
-do el pro-to-co-
 []


Underfull \hbox (badness 10000) in paragraph at lines 8--11
\OT1/cmr/m/n/12 lo inalambri-co zig-bee url: [][]$\OT1/cmtt/m/n/12 https : / /
 riull . ull . es / xmlui / bitstream /
 []


Underfull \hbox (badness 10000) in paragraph at lines 8--11
\OT1/cmtt/m/n/12 handle / 915 / 3085 / Controlador % 20central % 20para % 20un 
% 20sistema %
 []


Underfull \hbox (badness 10000) in paragraph at lines 8--11
\OT1/cmtt/m/n/12 20domotico % 20utilizando % 20el % 20protocolo % 20inalambrico
 % 20ZigBee .
 []


Overfull \hbox (131.12535pt too wide) in paragraph at lines 13--16
\OT1/cmtt/m/n/12 creando-[]un-[]servidor-[]raspberry-[]pi-[]xbee-[]en-[]python-
[]y-[]conectando-[]un-[]cliente-[]arduino-[]xbee/$[][]\OT1/cmr/m/n/12 . 
 []


Underfull \hbox (badness 10000) in paragraph at lines 18--20
[]\OT1/cmr/m/n/12 Digi rf do-cu-men-ta-tion pdf url: [][]$\OT1/cmtt/m/n/12 http
s : / / www . digi . com / resources /
 []


Underfull \hbox (badness 10000) in paragraph at lines 26--28
[]\OT1/cmr/m/n/12 Dispositivos logi-cos pro-gra-ma-bles - la co-mu-ni-ca-cion
 se-rie. url:
 []


Underfull \hbox (badness 10000) in paragraph at lines 26--28
[][]$\OT1/cmtt/m/n/12 http : / / perso . wanadoo . es / pictob / comserie . htm
 # conexion _ de _ un _
 []


Underfull \hbox (badness 10000) in paragraph at lines 33--35
[]\OT1/cmr/m/n/12 Home au-to-ma-tion sys-tem url: [][]$\OT1/cmtt/m/n/12 https :
 / / www . digi . com / resources /
 []


Underfull \hbox (badness 10000) in paragraph at lines 40--42
[]\OT1/cmr/m/n/12 Node-red ba-sed cus-tom full-room wake-up light url: [][]$\OT
1/cmtt/m/n/12 https : / / www .
 []


Underfull \hbox (badness 10000) in paragraph at lines 44--46
[]\OT1/cmr/m/n/12 Primeros pa-sos con mqtt url: [][]$\OT1/cmtt/m/n/12 https : /
 / ricveal . com / blog /
 []


Underfull \hbox (badness 10000) in paragraph at lines 48--50
[]\OT1/cmr/m/n/12 Raspberry pi of-fi-cial web-si-te url: [][]$\OT1/cmtt/m/n/12 
https : / / www . raspberrypi . org /
 []


Underfull \hbox (badness 10000) in paragraph at lines 56--58
[]\OT1/cmr/m/n/12 Room wake-up light: Cus-tom room-wide wake-up light using
 []


Underfull \hbox (badness 10000) in paragraph at lines 56--58
\OT1/cmr/m/n/12 ho-me as-sis-tant url: [][]$\OT1/cmtt/m/n/12 https : / / www . 
wouterbulten . nl / blog / tech /
 []


Underfull \hbox (badness 1077) in paragraph at lines 60--62
[]\OT1/cmr/m/n/12 Sistemas de ra-dio-co-mu-ni-ca-cio-nes mo-vi-les. url: [][]$\
OT1/cmtt/m/n/12 https : / / personal . us . es /
 []

[81


]
Underfull \hbox (badness 4132) in paragraph at lines 64--67
[]\OT1/cmr/m/n/12 Smart porch light pro-ject: Di-gi's xbee lte ce-llu-lar mo-du
-le and ar-
 []


Underfull \hbox (badness 5741) in paragraph at lines 69--72
[]\OT1/cmr/m/n/12 Solar vehi-cle url: [][]$\OT1/cmtt/m/n/12 https : / / www . d
igi . com / resources / project-[]gallery /
 []


Underfull \hbox (badness 1810) in paragraph at lines 69--72
\OT1/cmtt/m/n/12 university-[]of-[]minnesota-[]solar-[]vehicle$[][] \OT1/cmr/m/
n/12 web ofi-cial: [][]$\OT1/cmtt/m/n/12 https : / / umnsvp .
 []

)
Package atveryend Info: Empty hook `BeforeClearDocument' on input line 138.
LaTeX Info: Redefining \. on input line 138.
LaTeX Info: Redefining \% on input line 138.
 [82]
Package atveryend Info: Empty hook `AfterLastShipout' on input line 138.
 (TFG.aux (capitulos/portada.aux)
LaTeX Info: Redefining \. on input line 25.
LaTeX Info: Redefining \% on input line 25.
 (capitulos/firmas.aux)
(capitulos/licencia.aux) (capitulos/evaluacion.aux)
(capitulos/agradecimientos.aux) (capitulos/resumen.aux)
(capitulos/introduccion.aux) (capitulos/marcoteorico.aux)
(capitulos/estadoarte.aux) (capitulos/desarrollo.aux) (capitulos/resultados.aux
) (capitulos/gestion.aux) (capitulos/conclusion.aux) (capitulos/apendice.aux))
Package atveryend Info: Executing hook `AtVeryEndDocument' on input line 138.
Package atveryend Info: Executing hook `AtEndAfterFileList' on input line 138.
Package rerunfilecheck Info: File `TFG.out' has not changed.
(rerunfilecheck)             Checksum: C6E5D4F4540261FA80DE806EFFD48E33;5217.


LaTeX Font Warning: Some font shapes were not available, defaults substituted.


LaTeX Warning: There were undefined references.


LaTeX Warning: There were multiply-defined labels.

Package atveryend Info: Empty hook `AtVeryVeryEnd' on input line 138.
 ) 
Here is how much of TeX's memory you used:
 13138 strings out of 492895
 198275 string characters out of 3133479
 636869 words of memory out of 3000000
 16172 multiletter control sequences out of 15000+200000
 16663 words of font info for 62 fonts, out of 3000000 for 9000
 1141 hyphenation exceptions out of 8191
 59i,11n,99p,814b,1996s stack positions out of 5000i,500n,10000p,200000b,50000s
<C:/Program Files/MiKTeX 2.9/fonts/type1/public/amsfonts/cm/cmbx10.pfb><C:/Pr
ogram Files/MiKTeX 2.9/fonts/type1/public/amsfonts/cm/cmbx12.pfb><C:/Program Fi
les/MiKTeX 2.9/fonts/type1/public/amsfonts/cm/cmbx8.pfb><C:/Program Files/MiKTe
X 2.9/fonts/type1/public/amsfonts/cm/cmcsc10.pfb><C:/Program Files/MiKTeX 2.9/f
onts/type1/public/amsfonts/cm/cmmi12.pfb><C:/Program Files/MiKTeX 2.9/fonts/typ
e1/public/amsfonts/cm/cmmi8.pfb><C:/Program Files/MiKTeX 2.9/fonts/type1/public
/amsfonts/cm/cmr10.pfb><C:/Program Files/MiKTeX 2.9/fonts/type1/public/amsfonts
/cm/cmr12.pfb><C:/Program Files/MiKTeX 2.9/fonts/type1/public/amsfonts/cm/cmr17
.pfb><C:/Program Files/MiKTeX 2.9/fonts/type1/public/amsfonts/cm/cmr5.pfb><C:/P
rogram Files/MiKTeX 2.9/fonts/type1/public/amsfonts/cm/cmr6.pfb><C:/Program Fil
es/MiKTeX 2.9/fonts/type1/public/amsfonts/cm/cmr8.pfb><C:/Program Files/MiKTeX 
2.9/fonts/type1/public/amsfonts/cm/cmr9.pfb><C:/Program Files/MiKTeX 2.9/fonts/
type1/public/amsfonts/cm/cmsl10.pfb><C:/Program Files/MiKTeX 2.9/fonts/type1/pu
blic/amsfonts/cm/cmsy10.pfb><C:/Program Files/MiKTeX 2.9/fonts/type1/public/ams
fonts/cm/cmsy8.pfb><C:/Program Files/MiKTeX 2.9/fonts/type1/public/amsfonts/cm/
cmti10.pfb><C:/Program Files/MiKTeX 2.9/fonts/type1/public/amsfonts/cm/cmti12.p
fb><C:/Program Files/MiKTeX 2.9/fonts/type1/public/amsfonts/cm/cmti7.pfb><C:/Pr
ogram Files/MiKTeX 2.9/fonts/type1/public/amsfonts/cm/cmti8.pfb><C:/Program Fil
es/MiKTeX 2.9/fonts/type1/public/amsfonts/cm/cmtt12.pfb><C:/Program Files/MiKTe
X 2.9/fonts/type1/public/amsfonts/cm/cmtt8.pfb>
Output written on TFG.pdf (100 pages, 17373780 bytes).
PDF statistics:
 1761 PDF objects out of 2073 (max. 8388607)
 505 named destinations out of 1000 (max. 500000)
 995 words of extra memory for PDF output out of 10000 (max. 10000000)

